2020-04-04 12:29:05,087 INFO o.h.Version [main] HHH000412: Hibernate ORM core version 5.4.13.Final
2020-04-04 12:29:05,188 INFO o.h.a.c.Version [main] HCANN000001: Hibernate Commons Annotations {5.1.0.Final}
2020-04-04 12:29:05,260 WARN o.h.o.c.pooling [main] HHH10001002: Using Hibernate built-in connection pool (not for production use!)
2020-04-04 12:29:05,265 INFO o.h.o.c.pooling [main] HHH10001005: using driver [com.mysql.cj.jdbc.Driver] at URL [jdbc:mysql://localhost:3306/db?createDatabaseIfNotExist=true&useUnicode=yes&characterEncoding=UTF-8]
2020-04-04 12:29:05,265 INFO o.h.o.c.pooling [main] HHH10001001: Connection properties: {password=****, user=user}
2020-04-04 12:29:05,265 INFO o.h.o.c.pooling [main] HHH10001003: Autocommit mode: false
2020-04-04 12:29:05,267 INFO o.h.e.j.c.i.DriverManagerConnectionProviderImpl [main] HHH000115: Hibernate connection pool size: 20 (min=1)
2020-04-04 12:29:05,555 INFO o.h.d.Dialect [main] HHH000400: Using dialect: org.hibernate.dialect.MySQL5Dialect
2020-04-04 12:29:05,770 INFO o.h.v.i.u.Version [main] HV000001: Hibernate Validator 6.1.2.Final
2020-04-04 12:29:06,102 INFO o.h.o.c.access [main] HHH10001501: Connection obtained from JdbcConnectionAccess [org.hibernate.engine.jdbc.env.internal.JdbcEnvironmentInitiator$ConnectionProviderJdbcConnectionAccess@401788d5] for (non-JTA) DDL execution was not in auto-commit mode; the Connection 'local transaction' will be committed and the Connection will be set into auto-commit mode.
2020-04-04 12:29:06,123 INFO o.h.o.c.access [main] HHH10001501: Connection obtained from JdbcConnectionAccess [org.hibernate.engine.jdbc.env.internal.JdbcEnvironmentInitiator$ConnectionProviderJdbcConnectionAccess@4c04216f] for (non-JTA) DDL execution was not in auto-commit mode; the Connection 'local transaction' will be committed and the Connection will be set into auto-commit mode.
2020-04-04 12:29:06,295 ERROR c.j.q.d.QuestionDao [main] 
Question doesn't exist

2020-04-04 12:29:06,296 INFO c.j.q.QuestionAnswersSteps [main] Question asked, not stored yet: What is Peters favourite food?
2020-04-04 12:29:06,298 INFO c.j.q.QuestionAnswersSteps [main]  "the answer to life, universe and everything is?42" according to "The hitchhikers guide to the Galaxy" 
2020-04-04 12:29:06,307 INFO c.j.q.QuestionAnswersSteps [main] Question exceeding max character QnjJNs4UUcPjtzTznfeb3kmaog8fBSOv0QXUvQ5BzHvsrHV07syWFBBZYeGHRM2lj1MBKraoF3TGOkXA4yly4xFITlhTCsZM6B5QvLsFGeihez2nEca3tByMrozFxW0taRhlZjBNnSP1TpGPZN0QqtoS2IorEeP3vvWJcUlsFNE9HP0CdD5GcUYOFlYWeZkGhG879YO6QQOPAS641COMDGcvPr99QkqZT29Y9cvA9V6KabAHo81jTU9yF0YFsQof adn?
2020-04-04 12:29:06,397 WARN o.h.e.j.s.SqlExceptionHelper [main] SQL Error: 1406, SQLState: 22001
2020-04-04 12:29:06,397 ERROR o.h.e.j.s.SqlExceptionHelper [main] Data truncation: Data too long for column 'question_text' at row 1
2020-04-04 12:29:06,404 ERROR c.j.q.d.QuestionDao [main] 
Questions persistence failed, Data too long for column

2020-04-04 12:29:06,415 INFO c.j.q.QuestionAnswersSteps [main] Question exceeding not stored in the database
2020-04-04 12:29:06,423 INFO c.j.q.QuestionAnswersSteps [main] Answer exceeding max character spi6nv5csii0JIqVL7u7SxbyeHv951cOus14K7ZWc9xfcA58asKAv9mad8T5tMlGMHkGUWvVInZ3GsPZWAUSxY2aHhFMdiLyyEnPCi65CFVyZRhWli6pm6PJg6eCS81QXukzkLPeBJIfDVm1O1Ssq6L2rtRABxRdGGyq0heemVoiOoiU10VcuIDdfry1Q0Q9RVP09EirX3jJZMX8BZ7PoSHl0zpDoajUhucHb3Ov4m3bnOuIQ9O124ASzCjFFQHF
2020-04-04 12:29:06,440 WARN o.h.e.j.s.SqlExceptionHelper [main] SQL Error: 1406, SQLState: 22001
2020-04-04 12:29:06,440 ERROR o.h.e.j.s.SqlExceptionHelper [main] Data truncation: Data too long for column 'answer_text' at row 1
2020-04-04 12:29:06,443 ERROR c.j.q.d.QuestionDao [main] 
Questions persistence failed, Data too long for column

2020-04-04 12:29:06,449 INFO c.j.q.QuestionAnswersSteps [main] Question exceeding with answers not stored in the database
2020-04-04 12:29:06,456 INFO c.j.q.QuestionAnswersSteps [main] question added with answers What is Peters favourite food? Pasta ,  Rice , Chicken
2020-04-04 12:29:06,461 ERROR c.j.q.d.QuestionDao [main] 
Question doesn't exist

2020-04-04 12:29:06,500 INFO c.j.q.QuestionAnswersSteps [main] question added with answers What is Peters favourite play? Cricket , Soccer
2020-04-04 12:29:06,504 ERROR c.j.q.d.QuestionDao [main] 
Question doesn't exist

2020-04-04 12:29:06,582 INFO c.j.q.QuestionAnswersSteps [main] Question asked:  What is Peters favourite food?
2020-04-04 12:29:06,582 INFO c.j.q.QuestionAnswersSteps [main] Pasta
2020-04-04 12:29:06,582 INFO c.j.q.QuestionAnswersSteps [main] Chicken
2020-04-04 12:29:06,582 INFO c.j.q.QuestionAnswersSteps [main] Rice
2020-04-04 12:29:06,603 INFO c.j.q.QuestionAnswersSteps [main] Question asked:  What is Peters favourite play?
2020-04-04 12:29:06,603 INFO c.j.q.QuestionAnswersSteps [main] Cricket
2020-04-04 12:29:06,603 INFO c.j.q.QuestionAnswersSteps [main] Soccer
